<?xml version="1.0" encoding="UTF-8"?>
<!-- Generated by org.testng.reporters.JUnitReportReporter -->
<testsuite hostname="Venki-PC" failures="0" tests="1" name="EXPORT.AddEmp" time="38.402" errors="0" timestamp="17 Mar 2019 06:06:52 GMT" skipped="0">
  <testcase classname="EXPORT.AddEmp" name="AddEmp_datadriventest" time="38.402"/>
</testsuite> <!-- EXPORT.AddEmp -->
