<?xml version="1.0" encoding="UTF-8"?>
<!-- Generated by org.testng.reporters.JUnitReportReporter -->
<testsuite hostname="Venki-PC" failures="0" tests="1" name="EPORT.Admin_Skils_Export" time="17.892" errors="0" timestamp="07 Mar 2019 06:13:52 GMT" skipped="0">
  <testcase classname="EPORT.Admin_Skils_Export" name="Export_Admin_Qualification" time="17.892"/>
</testsuite> <!-- EPORT.Admin_Skils_Export -->
